<?xml version="1.0" encoding="UTF-8"?>
<testsuite xmlns:xsi="http://www.w3.org/2001/XMLSchema-instance" xsi:noNamespaceSchemaLocation="https://maven.apache.org/surefire/maven-surefire-plugin/xsd/surefire-test-report.xsd" name="edu.eci.cvds.tdd.registry.RegistryTest" time="0" tests="5" errors="0" skipped="0" failures="0">
  <properties>
[...]
</properties>
  <testcase name="personShouldBeDuplicated" classname="edu.eci.cvds.tdd.registry.RegistryTest" time="0"/>
  <testcase name="personShouldBeDead" classname="edu.eci.cvds.tdd.registry.RegistryTest" time="0"/>
  <testcase name="invalidAgePerson" classname="edu.eci.cvds.tdd.registry.RegistryTest" time="0"/>
  <testcase name="validateRegistryResult" classname="edu.eci.cvds.tdd.registry.RegistryTest" time="0"/>
  <testcase name="personShouldBeUnderaged" classname="edu.eci.cvds.tdd.registry.RegistryTest" time="0"/>
</testsuite>